<?xml version="1.0" encoding="UTF-8" ?>
<testsuite failures="0" time="0.052" errors="0" skipped="0" tests="9" name="com.kingsley.turing.TapeTest">
  <properties>
[...]
</properties>
  <testcase time="0.002" classname="com.kingsley.turing.TapeTest" name="shouldMovePointerToFirstPositionAtStart"/>
  <testcase time="0.001" classname="com.kingsley.turing.TapeTest" name="shouldIterThroughtTapeToTheRight"/>
  <testcase time="0.001" classname="com.kingsley.turing.TapeTest" name="shouldIterThroughtTapeToTheLeftFromRightEnd"/>
  <testcase time="0" classname="com.kingsley.turing.TapeTest" name="shouldIterToTheLeftFromTheStart"/>
  <testcase time="0.001" classname="com.kingsley.turing.TapeTest" name="shouldIterIfChahgeDerivitive"/>
  <testcase time="0.001" classname="com.kingsley.turing.TapeTest" name="shouldSetCurrectSymblToJustAdded"/>
  <testcase time="0" classname="com.kingsley.turing.TapeTest" name="shouldIterCorrectlyToRightIfSettetNewSymbl"/>
  <testcase time="0" classname="com.kingsley.turing.TapeTest" name="shouldIterCorrectlyToLeftIfSettetNewalue"/>
  <testcase time="0.001" classname="com.kingsley.turing.TapeTest" name="shouldSetCorrectlyTwise"/>
</testsuite>